2017-07-04 00:00:09,085 |OFBiz-JobQueue-0     |GenericDelegator              |E| ERROR: Cannot do a find that returns an EntityListIterator with no transaction in place. Wrap this call in a transaction.
java.lang.Exception: Stack Trace
	at org.apache.ofbiz.entity.GenericDelegator.find(GenericDelegator.java:1533) [ofbiz.jar:?]
	at org.apache.ofbiz.entity.util.EntityQuery.queryIterator(EntityQuery.java:396) [ofbiz.jar:?]
	at org.apache.ofbiz.order.shoppinglist.ShoppingListServices.createListReorders(ShoppingListServices.java:132) [ofbiz.jar:?]
	at sun.reflect.NativeMethodAccessorImpl.invoke0(Native Method) ~[?:1.8.0_111]
	at sun.reflect.NativeMethodAccessorImpl.invoke(NativeMethodAccessorImpl.java:62) ~[?:1.8.0_111]
	at sun.reflect.DelegatingMethodAccessorImpl.invoke(DelegatingMethodAccessorImpl.java:43) ~[?:1.8.0_111]
	at java.lang.reflect.Method.invoke(Method.java:498) ~[?:1.8.0_111]
	at org.apache.ofbiz.service.engine.StandardJavaEngine.serviceInvoker(StandardJavaEngine.java:100) [ofbiz.jar:?]
	at org.apache.ofbiz.service.engine.StandardJavaEngine.runSync(StandardJavaEngine.java:57) [ofbiz.jar:?]
	at org.apache.ofbiz.service.ServiceDispatcher.runSync(ServiceDispatcher.java:395) [ofbiz.jar:?]
	at org.apache.ofbiz.service.ServiceDispatcher.runSync(ServiceDispatcher.java:227) [ofbiz.jar:?]
	at org.apache.ofbiz.service.GenericDispatcherFactory$GenericDispatcher.runSync(GenericDispatcherFactory.java:88) [ofbiz.jar:?]
	at org.apache.ofbiz.service.job.GenericServiceJob.exec(GenericServiceJob.java:69) [ofbiz.jar:?]
	at org.apache.ofbiz.service.job.AbstractJob.run(AbstractJob.java:87) [ofbiz.jar:?]
	at java.util.concurrent.ThreadPoolExecutor.runWorker(ThreadPoolExecutor.java:1142) [?:1.8.0_111]
	at java.util.concurrent.ThreadPoolExecutor$Worker.run(ThreadPoolExecutor.java:617) [?:1.8.0_111]
	at java.lang.Thread.run(Thread.java:745) [?:1.8.0_111]
2017-07-04 00:00:09,141 |OFBiz-JobQueue-1     |GenericDelegator              |E| ERROR: Cannot do a find that returns an EntityListIterator with no transaction in place. Wrap this call in a transaction.
java.lang.Exception: Stack Trace
	at org.apache.ofbiz.entity.GenericDelegator.find(GenericDelegator.java:1533) [ofbiz.jar:?]
	at org.apache.ofbiz.entity.util.EntityQuery.queryIterator(EntityQuery.java:396) [ofbiz.jar:?]
	at org.apache.ofbiz.order.order.OrderServices.runSubscriptionAutoReorders(OrderServices.java:5571) [ofbiz.jar:?]
	at sun.reflect.NativeMethodAccessorImpl.invoke0(Native Method) ~[?:1.8.0_111]
	at sun.reflect.NativeMethodAccessorImpl.invoke(NativeMethodAccessorImpl.java:62) ~[?:1.8.0_111]
	at sun.reflect.DelegatingMethodAccessorImpl.invoke(DelegatingMethodAccessorImpl.java:43) ~[?:1.8.0_111]
	at java.lang.reflect.Method.invoke(Method.java:498) ~[?:1.8.0_111]
	at org.apache.ofbiz.service.engine.StandardJavaEngine.serviceInvoker(StandardJavaEngine.java:100) [ofbiz.jar:?]
	at org.apache.ofbiz.service.engine.StandardJavaEngine.runSync(StandardJavaEngine.java:57) [ofbiz.jar:?]
	at org.apache.ofbiz.service.ServiceDispatcher.runSync(ServiceDispatcher.java:395) [ofbiz.jar:?]
	at org.apache.ofbiz.service.ServiceDispatcher.runSync(ServiceDispatcher.java:227) [ofbiz.jar:?]
	at org.apache.ofbiz.service.GenericDispatcherFactory$GenericDispatcher.runSync(GenericDispatcherFactory.java:88) [ofbiz.jar:?]
	at org.apache.ofbiz.service.job.GenericServiceJob.exec(GenericServiceJob.java:69) [ofbiz.jar:?]
	at org.apache.ofbiz.service.job.AbstractJob.run(AbstractJob.java:87) [ofbiz.jar:?]
	at java.util.concurrent.ThreadPoolExecutor.runWorker(ThreadPoolExecutor.java:1142) [?:1.8.0_111]
	at java.util.concurrent.ThreadPoolExecutor$Worker.run(ThreadPoolExecutor.java:617) [?:1.8.0_111]
	at java.lang.Thread.run(Thread.java:745) [?:1.8.0_111]
2017-07-04 00:04:02,288 |http-nio-8443-exec-5 |WebPosEvents                  |E| PosTerminalId is empty cannot create a webPosSession
2017-07-04 00:04:02,376 |http-nio-8443-exec-5 |RequestHandler                |E| Request Login caused an error with the following message: [username was empty reenter, password was empty reenter]
2017-07-04 00:04:02,860 |http-nio-8443-exec-5 |WebPosEvents                  |E| PosTerminalId is empty cannot create a webPosSession
2017-07-04 00:07:18,644 |http-nio-8443-exec-8 |WebPosEvents                  |E| PosTerminalId is empty cannot create a webPosSession
2017-07-04 00:07:18,644 |http-nio-8443-exec-8 |RequestHandler                |E| Request Login caused an error with the following message: [username was empty reenter, password was empty reenter]
2017-07-04 00:07:19,043 |http-nio-8443-exec-8 |WebPosEvents                  |E| PosTerminalId is empty cannot create a webPosSession
